<?xml version="1.0" encoding="UTF-8"?>
<!-- Generated by org.testng.reporters.JUnitReportReporter -->
<testsuite hostname="Nikki" failures="0" tests="1" name="example.NewTest" time="6.416" errors="0" timestamp="2024-04-04T16:56:51 IST" skipped="0">
  <testcase classname="example.NewTest" name="testYouTubeTitle" time="6.416"/>
  <system-out/>
</testsuite> <!-- example.NewTest -->
